<?xml version="1.0" encoding="UTF-8"?>
<testsuite xmlns:xsi="http://www.w3.org/2001/XMLSchema-instance" xsi:noNamespaceSchemaLocation="https://maven.apache.org/surefire/maven-surefire-plugin/xsd/surefire-test-report-3.0.xsd" version="3.0" name="org.broox.space.WebCrawlerTest" time="0.941" tests="8" errors="0" skipped="0" failures="0">
  <properties>
[...]
</properties>
  <testcase name="wheSearchBreadthTooLarge_assertNewThrowsIllegalArgumentException" classname="org.broox.space.WebCrawlerTest" time="0.224">
    <system-err><![CDATA[WARNING: A Java agent has been loaded dynamically (/home/broox/.m2/repository/net/bytebuddy/byte-buddy-agent/1.14.5/byte-buddy-agent-1.14.5.jar)
WARNING: If a serviceability tool is in use, please run with -XX:+EnableDynamicAgentLoading to hide this warning
WARNING: If a serviceability tool is not in use, please run with -Djdk.instrument.traceUsage for more information
WARNING: Dynamic loading of agents will be disallowed by default in a future release
]]></system-err>
  </testcase>
  <testcase name="testSmallDepth" classname="org.broox.space.WebCrawlerTest" time="0.041">
    <system-out><![CDATA[Bloom filter set for 0 entries.
Starting search depth level: 0.
- - - - - - - - - - - - - - - 
Items in queue: 1.
Unique items found: 0.
Current queue throughput: 0.
- - - - - - - - - - - - - - - 
Current load factor: 0.00.
Ratio with target load: 0.00.
- - - - - - - - - - - - - - - 
Next URL in queue: 1.
- - - - - - - - - - - - - - - 
- - - - - - - - - - - - - - - 
Starting search depth level: 1.
- - - - - - - - - - - - - - - 
Items in queue: 4.
Unique items found: 0.
Current queue throughput: 1.
- - - - - - - - - - - - - - - 
Current load factor: 0.00.
Ratio with target load: 0.00.
- - - - - - - - - - - - - - - 
Next URL in queue: 2.
- - - - - - - - - - - - - - - 
- - - - - - - - - - - - - - - 
Crawl Done.
]]></system-out>
  </testcase>
  <testcase name="testSmallQueue" classname="org.broox.space.WebCrawlerTest" time="0.023">
    <system-out><![CDATA[Bloom filter set for 0 entries.
Starting search depth level: 0.
- - - - - - - - - - - - - - - 
Items in queue: 1.
Unique items found: 0.
Current queue throughput: 0.
- - - - - - - - - - - - - - - 
Current load factor: 0.00.
Ratio with target load: 0.00.
- - - - - - - - - - - - - - - 
Next URL in queue: 1.
- - - - - - - - - - - - - - - 
- - - - - - - - - - - - - - - 
Starting search depth level: 1.
- - - - - - - - - - - - - - - 
Items in queue: 3.
Unique items found: 0.
Current queue throughput: 1.
- - - - - - - - - - - - - - - 
Current load factor: 0.00.
Ratio with target load: 0.00.
- - - - - - - - - - - - - - - 
Next URL in queue: 2.
- - - - - - - - - - - - - - - 
- - - - - - - - - - - - - - - 
Starting search depth level: 2.
- - - - - - - - - - - - - - - 
Items in queue: 3.
Unique items found: 0.
Current queue throughput: 4.
- - - - - - - - - - - - - - - 
Current load factor: 0.00.
Ratio with target load: 0.00.
- - - - - - - - - - - - - - - 
Next URL in queue: 5.
- - - - - - - - - - - - - - - 
- - - - - - - - - - - - - - - 
Starting search depth level: 3.
- - - - - - - - - - - - - - - 
Items in queue: 2.
Unique items found: 0.
Current queue throughput: 7.
- - - - - - - - - - - - - - - 
Current load factor: 0.00.
Ratio with target load: 0.00.
- - - - - - - - - - - - - - - 
Next URL in queue: 7.
- - - - - - - - - - - - - - - 
- - - - - - - - - - - - - - - 
Crawl Done.
]]></system-out>
  </testcase>
  <testcase name="testNormalTraversal" classname="org.broox.space.WebCrawlerTest" time="0.028">
    <system-out><![CDATA[Bloom filter set for 0 entries.
Starting search depth level: 0.
- - - - - - - - - - - - - - - 
Items in queue: 1.
Unique items found: 0.
Current queue throughput: 0.
- - - - - - - - - - - - - - - 
Current load factor: 0.00.
Ratio with target load: 0.00.
- - - - - - - - - - - - - - - 
Next URL in queue: 1.
- - - - - - - - - - - - - - - 
- - - - - - - - - - - - - - - 
Starting search depth level: 1.
- - - - - - - - - - - - - - - 
Items in queue: 4.
Unique items found: 0.
Current queue throughput: 1.
- - - - - - - - - - - - - - - 
Current load factor: 0.00.
Ratio with target load: 0.00.
- - - - - - - - - - - - - - - 
Next URL in queue: 2.
- - - - - - - - - - - - - - - 
- - - - - - - - - - - - - - - 
Starting search depth level: 2.
- - - - - - - - - - - - - - - 
Items in queue: 6.
Unique items found: 0.
Current queue throughput: 5.
- - - - - - - - - - - - - - - 
Current load factor: 0.00.
Ratio with target load: 0.00.
- - - - - - - - - - - - - - - 
Next URL in queue: 1.
- - - - - - - - - - - - - - - 
- - - - - - - - - - - - - - - 
Crawl Done.
]]></system-out>
  </testcase>
  <testcase name="whenSuppliedFilterJustBigEnough_assertNewDoesNotThrowAnyException" classname="org.broox.space.WebCrawlerTest" time="0.004">
    <system-out><![CDATA[Bloom filter set for 0 entries.
]]></system-out>
  </testcase>
  <testcase name="wheSearchVolumeTooLarge_assertNewThrowsIllegalArgumentException" classname="org.broox.space.WebCrawlerTest" time="0.004"/>
  <testcase name="testNodeSkip" classname="org.broox.space.WebCrawlerTest" time="0.017">
    <system-out><![CDATA[Bloom filter set for 0 entries.
Starting search depth level: 0.
- - - - - - - - - - - - - - - 
Items in queue: 1.
Unique items found: 0.
Current queue throughput: 0.
- - - - - - - - - - - - - - - 
Current load factor: 0.00.
Ratio with target load: 0.00.
- - - - - - - - - - - - - - - 
Next URL in queue: 1.
- - - - - - - - - - - - - - - 
- - - - - - - - - - - - - - - 
Starting search depth level: 1.
- - - - - - - - - - - - - - - 
Items in queue: 3.
Unique items found: 0.
Current queue throughput: 1.
- - - - - - - - - - - - - - - 
Current load factor: 0.00.
Ratio with target load: 0.00.
- - - - - - - - - - - - - - - 
Next URL in queue: 3.
- - - - - - - - - - - - - - - 
- - - - - - - - - - - - - - - 
Starting search depth level: 2.
- - - - - - - - - - - - - - - 
Items in queue: 4.
Unique items found: 0.
Current queue throughput: 4.
- - - - - - - - - - - - - - - 
Current load factor: 0.00.
Ratio with target load: 0.00.
- - - - - - - - - - - - - - - 
Next URL in queue: 5.
- - - - - - - - - - - - - - - 
- - - - - - - - - - - - - - - 
Starting search depth level: 3.
- - - - - - - - - - - - - - - 
Items in queue: 1.
Unique items found: 0.
Current queue throughput: 8.
- - - - - - - - - - - - - - - 
Current load factor: 0.00.
Ratio with target load: 0.00.
- - - - - - - - - - - - - - - 
Next URL in queue: 7.
- - - - - - - - - - - - - - - 
- - - - - - - - - - - - - - - 
Crawl Done.
]]></system-out>
  </testcase>
  <testcase name="whenSuppliedFilterIsTooSmall_assertNewThrowsIllegalArgumentException" classname="org.broox.space.WebCrawlerTest" time="0.002"/>
</testsuite>